<?xml version="1.0" encoding="UTF-8"?>
<!-- Generated by org.testng.reporters.JUnitReportReporter -->
<testsuite hostname="Guy-MacbookPro.local" name="com.intigua.applitools.ComplianceDashboardTest" tests="1" failures="0" timestamp="20 Jun 2016 20:00:59 GMT" time="0.000" errors="0">
  <testcase name="testDashboard" time="0.000" classname="com.intigua.applitools.ComplianceDashboardTest"/>
</testsuite> <!-- com.intigua.applitools.ComplianceDashboardTest -->
